
> parcel-frontend@0.0.0 start
> ng serve --host 127.0.0.1 --port 4201

[33m>[39m Building...
[32m√[39m Building...
[1mInitial chunk files[22m[2m | [22m[1mNames[22m        [2m | [22m [1mRaw size[22m
[32mstyles.css[39m         [2m | [22m[2mstyles[22m       [2m | [22m[36m279.56 kB[39m[2m | [22m
[32mmain.js[39m            [2m | [22m[2mmain[22m         [2m | [22m[36m168.80 kB[39m[2m | [22m

[1m [22m                  [2m | [22m[1mInitial total[22m[2m | [22m[1m448.36 kB[22m

Application bundle generation complete. [3.791 seconds] - 2026-05-06T03:04:20.924Z

Watch mode enabled. Watching for file changes...
NOTE: Raw file sizes do not reflect development server per-request transformations.
  [32m➜[39m  [1mLocal[22m:   [36mhttp://127.0.0.1:[1m4201[22m/[39m
[33m>[39m Changes detected. Rebuilding...
[32m√[39m Changes detected. Rebuilding...
[1mInitial chunk files[22m[2m | [22m[1mNames[22m        [2m | [22m [1mRaw size[22m
[32mstyles.css[39m         [2m | [22m[2mstyles[22m       [2m | [22m[36m282.11 kB[39m[2m | [22m
[32mmain.js[39m            [2m | [22m[2mmain[22m         [2m | [22m[36m168.79 kB[39m[2m | [22m

[1m [22m                  [2m | [22m[1mInitial total[22m[2m | [22m[1m450.91 kB[22m

Application bundle generation complete. [1.371 seconds] - 2026-05-06T03:07:54.338Z

Page reload sent to client(s).
[33m>[39m Changes detected. Rebuilding...
[32m√[39m Changes detected. Rebuilding...
[1mInitial chunk files[22m[2m | [22m[1mNames[22m [2m | [22m [1mRaw size[22m
[32mstyles.css[39m         [2m | [22m[2mstyles[22m[2m | [22m[36m282.99 kB[39m[2m | [22m

Application bundle generation complete. [0.071 seconds] - 2026-05-06T03:11:00.299Z

Stylesheet update sent to client(s).
[33m>[39m Changes detected. Rebuilding...
[32m√[39m Changes detected. Rebuilding...
[1mInitial chunk files[22m[2m | [22m[1mNames[22m[2m | [22m [1mRaw size[22m
[32mmain.js[39m            [2m | [22m[2mmain[22m [2m | [22m[36m168.80 kB[39m[2m | [22m

Application bundle generation complete. [0.353 seconds] - 2026-05-06T03:11:15.528Z

Component update sent to client(s).
[33m>[39m Changes detected. Rebuilding...
[32m√[39m Changes detected. Rebuilding...
[1mInitial chunk files[22m[2m | [22m[1mNames[22m [2m | [22m [1mRaw size[22m
[32mstyles.css[39m         [2m | [22m[2mstyles[22m[2m | [22m[36m283.22 kB[39m[2m | [22m

Application bundle generation complete. [0.099 seconds] - 2026-05-06T03:13:02.404Z

Stylesheet update sent to client(s).
[33m>[39m Changes detected. Rebuilding...
[32m√[39m Changes detected. Rebuilding...
[1mInitial chunk files[22m[2m | [22m[1mNames[22m        [2m | [22m [1mRaw size[22m
[32mstyles.css[39m         [2m | [22m[2mstyles[22m       [2m | [22m[36m283.67 kB[39m[2m | [22m
[32mmain.js[39m            [2m | [22m[2mmain[22m         [2m | [22m[36m169.79 kB[39m[2m | [22m

[1m [22m                  [2m | [22m[1mInitial total[22m[2m | [22m[1m453.46 kB[22m

Application bundle generation complete. [0.462 seconds] - 2026-05-06T03:21:05.054Z

Page reload sent to client(s).
[33m>[39m Changes detected. Rebuilding...
[32m√[39m Changes detected. Rebuilding...
[1mInitial chunk files[22m[2m | [22m[1mNames[22m[2m | [22m [1mRaw size[22m
[32mmain.js[39m            [2m | [22m[2mmain[22m [2m | [22m[36m169.80 kB[39m[2m | [22m

Application bundle generation complete. [1.029 seconds] - 2026-05-06T03:24:00.450Z

Page reload sent to client(s).
[33m>[39m Changes detected. Rebuilding...
[32m√[39m Changes detected. Rebuilding...
[1mInitial chunk files[22m[2m | [22m[1mNames[22m [2m | [22m [1mRaw size[22m
[32mstyles.css[39m         [2m | [22m[2mstyles[22m[2m | [22m[36m283.69 kB[39m[2m | [22m

Application bundle generation complete. [0.122 seconds] - 2026-05-06T03:24:19.467Z

Stylesheet update sent to client(s).
